<?xml version="1.0" encoding="UTF-8"?>
<testsuite xmlns:xsi="http://www.w3.org/2001/XMLSchema-instance" xsi:noNamespaceSchemaLocation="https://maven.apache.org/surefire/maven-surefire-plugin/xsd/surefire-test-report-3.0.xsd" version="3.0" name="com.hackathon.ebooks.inventoryservice.EbooksApplicationTests" time="4.773" tests="1" errors="0" skipped="0" failures="0">
  <properties>
[...]
</properties>
  <testcase name="contextLoads" classname="com.hackathon.ebooks.inventoryservice.EbooksApplicationTests" time="0.518">
    <system-out><![CDATA[01:50:50.831 [main] INFO org.springframework.test.context.support.AnnotationConfigContextLoaderUtils -- Could not detect default configuration classes for test class [com.hackathon.ebooks.inventoryservice.EbooksApplicationTests]: EbooksApplicationTests does not declare any static, non-private, non-final, nested classes annotated with @Configuration.
01:50:50.938 [main] INFO org.springframework.boot.test.context.SpringBootTestContextBootstrapper -- Found @SpringBootConfiguration com.hackathon.ebooks.inventoryservice.InventoryServiceApplication for test class com.hackathon.ebooks.inventoryservice.EbooksApplicationTests

  .   ____          _            __ _ _
 /\\ / ___'_ __ _ _(_)_ __  __ _ \ \ \ \
( ( )\___ | '_ | '_| | '_ \/ _` | \ \ \ \
 \\/  ___)| |_)| | | | | || (_| |  ) ) ) )
  '  |____| .__|_| |_|_| |_\__, | / / / /
 =========|_|==============|___/=/_/_/_/
 :: Spring Boot ::                (v3.1.1)

2023-07-13T01:50:51.332+05:30  INFO 31172 --- [           main] c.h.e.i.EbooksApplicationTests           : Starting EbooksApplicationTests using Java 20 with PID 31172 (started by Vijay in C:\Users\Vijay\Downloads\bookingservice\microservices-full\ebooks)
2023-07-13T01:50:51.334+05:30  INFO 31172 --- [           main] c.h.e.i.EbooksApplicationTests           : No active profile set, falling back to 1 default profile: "default"
2023-07-13T01:50:52.034+05:30  INFO 31172 --- [           main] .s.d.r.c.RepositoryConfigurationDelegate : Bootstrapping Spring Data JPA repositories in DEFAULT mode.
2023-07-13T01:50:52.110+05:30  INFO 31172 --- [           main] .s.d.r.c.RepositoryConfigurationDelegate : Finished Spring Data repository scanning in 67 ms. Found 2 JPA repository interfaces.
2023-07-13T01:50:52.549+05:30  INFO 31172 --- [           main] o.hibernate.jpa.internal.util.LogHelper  : HHH000204: Processing PersistenceUnitInfo [name: default]
2023-07-13T01:50:52.609+05:30  INFO 31172 --- [           main] org.hibernate.Version                    : HHH000412: Hibernate ORM core version 6.2.5.Final
2023-07-13T01:50:52.611+05:30  INFO 31172 --- [           main] org.hibernate.cfg.Environment            : HHH000406: Using bytecode reflection optimizer
2023-07-13T01:50:52.812+05:30  INFO 31172 --- [           main] o.h.b.i.BytecodeProviderInitiator        : HHH000021: Bytecode provider name : bytebuddy
2023-07-13T01:50:52.937+05:30  INFO 31172 --- [           main] o.s.o.j.p.SpringPersistenceUnitInfo      : No LoadTimeWeaver setup: ignoring JPA class transformer
2023-07-13T01:50:52.952+05:30  INFO 31172 --- [           main] com.zaxxer.hikari.HikariDataSource       : HikariPool-1 - Starting...
2023-07-13T01:50:53.139+05:30  INFO 31172 --- [           main] com.zaxxer.hikari.pool.HikariPool        : HikariPool-1 - Added connection com.mysql.cj.jdbc.ConnectionImpl@9263c54
2023-07-13T01:50:53.142+05:30  INFO 31172 --- [           main] com.zaxxer.hikari.HikariDataSource       : HikariPool-1 - Start completed.
2023-07-13T01:50:53.400+05:30  INFO 31172 --- [           main] o.h.b.i.BytecodeProviderInitiator        : HHH000021: Bytecode provider name : bytebuddy
2023-07-13T01:50:53.960+05:30  INFO 31172 --- [           main] o.h.e.t.j.p.i.JtaPlatformInitiator       : HHH000490: Using JtaPlatform implementation: [org.hibernate.engine.transaction.jta.platform.internal.NoJtaPlatform]
Hibernate: alter table book modify column lending_date  datetime(6)
Hibernate: alter table book modify column return_date  datetime(6)
2023-07-13T01:50:54.018+05:30  INFO 31172 --- [           main] j.LocalContainerEntityManagerFactoryBean : Initialized JPA EntityManagerFactory for persistence unit 'default'
2023-07-13T01:50:54.337+05:30  INFO 31172 --- [           main] o.s.d.j.r.query.QueryEnhancerFactory     : Hibernate is in classpath; If applicable, HQL parser will be used.
2023-07-13T01:50:54.528+05:30  WARN 31172 --- [           main] JpaBaseConfiguration$JpaWebConfiguration : spring.jpa.open-in-view is enabled by default. Therefore, database queries may be performed during view rendering. Explicitly configure spring.jpa.open-in-view to disable this warning
2023-07-13T01:50:54.900+05:30  INFO 31172 --- [           main] c.h.e.i.EbooksApplicationTests           : Started EbooksApplicationTests in 3.829 seconds (process running for 4.749)
]]></system-out>
  </testcase>
</testsuite>